<?xml version="1.0" encoding="UTF-8" ?>
<testsuites>
  <testsuite errors="0" failures="0" hostname="TAG00944658328" id="0" name="EasyTravelBookingTest" package="" skipped="0" tests="6" time="124.95" timestamp="2016-07-07T14:08:12">
      <properties>
[...]
</properties>

      <testcase classname="EasyTravelBookingTest" name="testBookParis[0]" time="31.552" />

      <testcase classname="EasyTravelBookingTest" name="testBookSpecialOffers[0]" time="18.558" />

      <testcase classname="EasyTravelBookingTest" name="testBookParis[1]" time="17.56" />

      <testcase classname="EasyTravelBookingTest" name="testBookSpecialOffers[1]" time="16.007" />

      <testcase classname="EasyTravelBookingTest" name="testBookParis[2]" time="21.436" />

      <testcase classname="EasyTravelBookingTest" name="testBookSpecialOffers[2]" time="19.808" />

      <system-out><![CDATA[]]></system-out>

      <system-err><![CDATA[Starting ChromeDriver 2.22.397933 (1cab651507b88dec79b2b2a22d1943c01833cc1b) on port 43522
Only local connections are allowed.
Starting ChromeDriver 2.22.397933 (1cab651507b88dec79b2b2a22d1943c01833cc1b) on port 39876
Only local connections are allowed.
Started InternetExplorerDriver server (32-bit)
2.53.1.0
Listening on port 41753
Only local connections are allowed
Started InternetExplorerDriver server (32-bit)
2.53.1.0
Listening on port 27037
Only local connections are allowed
]]></system-err>

  </testsuite>
</testsuites>
